<?xml version="1.0" encoding="utf-8"?><testsuites name="pytest tests"><testsuite name="pytest" errors="0" failures="0" skipped="0" tests="9" time="2.752" timestamp="2026-07-08T10:39:09.659221+00:00" hostname="agent-env-ab20570c-75e4-4c28-911d-5a2fbf47c1b3"><testcase classname="tests.test_auth_licencias" name="test_login_success" time="0.432" /><testcase classname="tests.test_auth_licencias" name="test_login_wrong_password" time="0.330" /><testcase classname="tests.test_auth_licencias" name="test_auth_me_requires_token" time="0.100" /><testcase classname="tests.test_auth_licencias" name="test_auth_me_with_token" time="0.431" /><testcase classname="tests.test_auth_licencias" name="test_licencias_requires_auth" time="0.123" /><testcase classname="tests.test_auth_licencias" name="test_licencias_list_has_demo" time="0.096" /><testcase classname="tests.test_auth_licencias" name="test_verificar_licencia_public_active" time="0.126" /><testcase classname="tests.test_auth_licencias" name="test_full_lifecycle_crud" time="0.665" /><testcase classname="tests.test_auth_licencias" name="test_demo_left_active" time="0.101" /></testsuite></testsuites>