<?xml version="1.0" encoding="utf-8"?><testsuites name="pytest tests"><testsuite name="pytest" errors="0" failures="0" skipped="0" tests="3" time="2.269" timestamp="2026-07-08T21:37:28.511000+00:00" hostname="agent-env-ab20570c-75e4-4c28-911d-5a2fbf47c1b3"><testcase classname="tests.test_hoja_entrada_pdf" name="test_list_ordenes" time="0.158" /><testcase classname="tests.test_hoja_entrada_pdf" name="test_hoja_entrada_pdf_valid" time="1.612" /><testcase classname="tests.test_hoja_entrada_pdf" name="test_hoja_entrada_pdf_invalid_id" time="0.142" /></testsuite></testsuites>