<?xml version="1.0" encoding="utf-8"?><testsuites name="pytest tests"><testsuite name="pytest" errors="0" failures="1" skipped="0" tests="9" time="2.305" timestamp="2026-07-08T14:59:41.441241+00:00" hostname="agent-env-ab20570c-75e4-4c28-911d-5a2fbf47c1b3"><testcase classname="tests.test_iter8_conversion" name="test_conversion_chain_venta_full" time="0.540" /><testcase classname="tests.test_iter8_conversion" name="test_conversion_presu_to_albaran_direct" time="0.106" /><testcase classname="tests.test_iter8_conversion" name="test_conversion_double_prevented" time="0.146" /><testcase classname="tests.test_iter8_conversion" name="test_conversion_compra_albaran_to_factura_recibida" time="0.294" /><testcase classname="tests.test_iter8_conversion" name="test_albaranes_compra_pendientes" time="0.204" /><testcase classname="tests.test_iter8_conversion" name="test_purchase_reconciliation_coincide" time="0.300" /><testcase classname="tests.test_iter8_conversion" name="test_purchase_reconciliation_no_coincide" time="0.154"><failure message="assert True is False">backend/tests/test_iter8_conversion.py:193: in test_purchase_reconciliation_no_coincide
    assert fac["conciliacion"]["coincide"] is False
E   assert True is False</failure></testcase><testcase classname="tests.test_iter8_conversion" name="test_logo_persist_ajustes" time="0.141" /><testcase classname="tests.test_iter8_conversion" name="test_direct_factura_emitida" time="0.049" /></testsuite></testsuites>