<?xml version="1.0" encoding="utf-8"?><testsuites name="pytest tests"><testsuite name="pytest" errors="0" failures="0" skipped="0" tests="17" time="4.616" timestamp="2026-07-08T18:10:18.135604+00:00" hostname="agent-env-ab20570c-75e4-4c28-911d-5a2fbf47c1b3"><testcase classname="tests.test_iter13_taller_fase3.TestTallerFase3" name="test_00_seed_cliente_vehiculos" time="1.213" /><testcase classname="tests.test_iter13_taller_fase3.TestTallerFase3" name="test_10_crear_cita_hereda_cliente" time="0.105" /><testcase classname="tests.test_iter13_taller_fase3.TestTallerFase3" name="test_11_crear_segunda_cita" time="0.110" /><testcase classname="tests.test_iter13_taller_fase3.TestTallerFase3" name="test_20_listar_citas_ordenadas" time="0.109" /><testcase classname="tests.test_iter13_taller_fase3.TestTallerFase3" name="test_21_filtro_desde_hasta" time="0.127" /><testcase classname="tests.test_iter13_taller_fase3.TestTallerFase3" name="test_30_patch_estado_valido" time="0.106" /><testcase classname="tests.test_iter13_taller_fase3.TestTallerFase3" name="test_31_patch_estado_invalido" time="0.110" /><testcase classname="tests.test_iter13_taller_fase3.TestTallerFase3" name="test_32_put_cita" time="0.106" /><testcase classname="tests.test_iter13_taller_fase3.TestTallerFase3" name="test_40_delete_cita" time="0.107" /><testcase classname="tests.test_iter13_taller_fase3.TestTallerFase3" name="test_50_crear_prestamo" time="0.153" /><testcase classname="tests.test_iter13_taller_fase3.TestTallerFase3" name="test_51_listar_filtro_estado" time="0.196" /><testcase classname="tests.test_iter13_taller_fase3.TestTallerFase3" name="test_60_subir_contrato_pdf" time="0.438" /><testcase classname="tests.test_iter13_taller_fase3.TestTallerFase3" name="test_61_subir_contrato_imagen" time="0.289" /><testcase classname="tests.test_iter13_taller_fase3.TestTallerFase3" name="test_62_subir_contrato_tipo_invalido" time="0.112" /><testcase classname="tests.test_iter13_taller_fase3.TestTallerFase3" name="test_63_subir_contrato_prestamo_inexistente" time="0.306" /><testcase classname="tests.test_iter13_taller_fase3.TestTallerFase3" name="test_70_put_prestamo" time="0.157" /><testcase classname="tests.test_iter13_taller_fase3.TestTallerFase3" name="test_99_cleanup" time="0.516" /></testsuite></testsuites>