<?xml version="1.0" encoding="utf-8"?><testsuites name="pytest tests"><testsuite name="pytest" errors="0" failures="0" skipped="0" tests="6" time="2.785" timestamp="2026-07-20T22:20:55.558246+00:00" hostname="agent-env-ab20570c-75e4-4c28-911d-5a2fbf47c1b3"><testcase classname="tests.test_iter23_permisos" name="test_me_admin_permisos_todos" time="0.623" /><testcase classname="tests.test_iter23_permisos" name="test_me_mecanico_solo_taller" time="0.551" /><testcase classname="tests.test_iter23_permisos" name="test_crear_usuario_filtra_ajustes" time="0.646" /><testcase classname="tests.test_iter23_permisos" name="test_crear_admin_permisos_forzados" time="0.439" /><testcase classname="tests.test_iter23_permisos" name="test_operario_no_puede_listar_usuarios" time="0.099" /><testcase classname="tests.test_iter23_permisos" name="test_me_sin_token" time="0.103" /></testsuite></testsuites>