<?xml version="1.0" encoding="utf-8"?><testsuites name="pytest tests"><testsuite name="pytest" errors="0" failures="0" skipped="0" tests="7" time="1.775" timestamp="2026-07-08T11:13:34.398922+00:00" hostname="agent-env-ab20570c-75e4-4c28-911d-5a2fbf47c1b3"><testcase classname="tests.test_nuevos_cambios" name="test_articulo_referencia_auto" time="0.302" /><testcase classname="tests.test_nuevos_cambios" name="test_articulo_referencia_ignora_input" time="0.145" /><testcase classname="tests.test_nuevos_cambios" name="test_factura_emitida_autocrea_cliente" time="0.222" /><testcase classname="tests.test_nuevos_cambios" name="test_documento_venta_autocrea_cliente[pedidos]" time="0.186" /><testcase classname="tests.test_nuevos_cambios" name="test_documento_venta_autocrea_cliente[albaranes]" time="0.232" /><testcase classname="tests.test_nuevos_cambios" name="test_cliente_iban_entrega" time="0.207" /><testcase classname="tests.test_nuevos_cambios" name="test_licencia_activa" time="0.106" /></testsuite></testsuites>