<?xml version="1.0" encoding="utf-8"?><testsuites name="pytest tests"><testsuite name="pytest" errors="0" failures="0" skipped="0" tests="23" time="2.562" timestamp="2026-07-08T17:44:12.817212+00:00" hostname="agent-env-ab20570c-75e4-4c28-911d-5a2fbf47c1b3"><testcase classname="tests.test_iter12_taller_fase2.TestTallerFase2" name="test_01_crear_compania" time="0.276" /><testcase classname="tests.test_iter12_taller_fase2.TestTallerFase2" name="test_02_listar_compania" time="0.045" /><testcase classname="tests.test_iter12_taller_fase2.TestTallerFase2" name="test_03_actualizar_compania" time="0.045" /><testcase classname="tests.test_iter12_taller_fase2.TestTallerFase2" name="test_10_crear_peritaje" time="0.045" /><testcase classname="tests.test_iter12_taller_fase2.TestTallerFase2" name="test_11_get_peritaje" time="0.045" /><testcase classname="tests.test_iter12_taller_fase2.TestTallerFase2" name="test_12_listar_por_vehiculo" time="0.044" /><testcase classname="tests.test_iter12_taller_fase2.TestTallerFase2" name="test_13_estado_valido" time="0.045" /><testcase classname="tests.test_iter12_taller_fase2.TestTallerFase2" name="test_14_estado_invalido" time="0.047" /><testcase classname="tests.test_iter12_taller_fase2.TestTallerFase2" name="test_15_put_recalcula" time="0.048" /><testcase classname="tests.test_iter12_taller_fase2.TestTallerFase2" name="test_20_subir_foto_incrementa" time="0.402" /><testcase classname="tests.test_iter12_taller_fase2.TestTallerFase2" name="test_21_rechaza_tipo_no_imagen" time="0.043" /><testcase classname="tests.test_iter12_taller_fase2.TestTallerFase2" name="test_22_tipo_invalido" time="0.043" /><testcase classname="tests.test_iter12_taller_fase2.TestTallerFase2" name="test_23_get_media" time="0.178" /><testcase classname="tests.test_iter12_taller_fase2.TestTallerFase2" name="test_24_borrar_foto" time="0.101" /><testcase classname="tests.test_iter12_taller_fase2.TestTallerFase2" name="test_30_crear_sesion" time="0.049" /><testcase classname="tests.test_iter12_taller_fase2.TestTallerFase2" name="test_31_info_subida" time="0.046" /><testcase classname="tests.test_iter12_taller_fase2.TestTallerFase2" name="test_32_subir_por_token" time="0.281" /><testcase classname="tests.test_iter12_taller_fase2.TestTallerFase2" name="test_33_token_invalido_get" time="0.047" /><testcase classname="tests.test_iter12_taller_fase2.TestTallerFase2" name="test_34_token_invalido_post" time="0.043" /><testcase classname="tests.test_iter12_taller_fase2.TestTallerFase2" name="test_35_sesion_tipo_invalido" time="0.045" /><testcase classname="tests.test_iter12_taller_fase2.TestTallerFase2" name="test_40_ficha_incluye_peritajes" time="0.047" /><testcase classname="tests.test_iter12_taller_fase2.TestTallerFase2" name="test_90_eliminar_compania" time="0.044" /><testcase classname="tests.test_iter12_taller_fase2.TestTallerFase2" name="test_91_eliminar_peritaje" time="0.187" /></testsuite></testsuites>