<?xml version="1.0" encoding="utf-8"?><testsuites name="pytest tests"><testsuite name="pytest" errors="0" failures="0" skipped="0" tests="15" time="8.897" timestamp="2026-07-20T21:53:05.217226+00:00" hostname="agent-env-ab20570c-75e4-4c28-911d-5a2fbf47c1b3"><testcase classname="tests.test_iter22_app_auth.TestAppAuthBasico" name="test_login_admin_ok" time="0.381" /><testcase classname="tests.test_iter22_app_auth.TestAppAuthBasico" name="test_me_admin" time="0.099" /><testcase classname="tests.test_iter22_app_auth.TestAppAuthBasico" name="test_login_credenciales_invalidas" time="0.354" /><testcase classname="tests.test_iter22_app_auth.TestAppAuthBasico" name="test_me_sin_token" time="0.107" /><testcase classname="tests.test_iter22_app_auth.TestPoliticaPassword" name="test_password_debil_al_crear" time="0.099" /><testcase classname="tests.test_iter22_app_auth.TestPoliticaPassword" name="test_password_ok_al_crear_y_borrar" time="0.426" /><testcase classname="tests.test_iter22_app_auth.TestGestionUsuarios" name="test_listar_usuarios_admin" time="0.654" /><testcase classname="tests.test_iter22_app_auth.TestGestionUsuarios" name="test_editar_usuario" time="0.524" /><testcase classname="tests.test_iter22_app_auth.TestGestionUsuarios" name="test_reset_password" time="0.980" /><testcase classname="tests.test_iter22_app_auth.TestRBAC" name="test_operario_no_puede_listar_usuarios" time="0.431" /><testcase classname="tests.test_iter22_app_auth.TestRBAC" name="test_operario_no_puede_crear_usuarios" time="0.422" /><testcase classname="tests.test_iter22_app_auth.TestBruteForce" name="test_bloqueo_al_5o_intento" time="2.227" /><testcase classname="tests.test_iter22_app_auth.TestTwoFA" name="test_ciclo_2fa" time="1.604" /><testcase classname="tests.test_iter22_app_auth.TestAislamientoPanelLicencias" name="test_panel_licencias_login" time="0.321" /><testcase classname="tests.test_iter22_app_auth.TestAislamientoPanelLicencias" name="test_token_app_no_vale_para_panel" time="0.203" /></testsuite></testsuites>