<?xml version="1.0" encoding="utf-8"?><testsuites name="pytest tests"><testsuite name="pytest" errors="0" failures="0" skipped="0" tests="5" time="2.030" timestamp="2026-07-20T13:16:24.232854+00:00" hostname="agent-env-ab20570c-75e4-4c28-911d-5a2fbf47c1b3"><testcase classname="tests.test_iter19_formatos" name="test_list_formatos" time="0.244" /><testcase classname="tests.test_iter19_formatos" name="test_create_update_delete_formato" time="0.242" /><testcase classname="tests.test_iter19_formatos" name="test_update_invalid_formato_404" time="0.047" /><testcase classname="tests.test_iter19_formatos" name="test_hoja_entrada_html_regression" time="0.965" /><testcase classname="tests.test_iter19_formatos" name="test_ajustes_modulo_inicio_regression" time="0.214" /></testsuite></testsuites>