<?xml version="1.0" encoding="utf-8"?><testsuites name="pytest tests"><testsuite name="pytest" errors="0" failures="0" skipped="0" tests="14" time="1.378" timestamp="2026-07-08T17:28:30.973053+00:00" hostname="agent-env-ab20570c-75e4-4c28-911d-5a2fbf47c1b3"><testcase classname="tests.test_iter11_taller.TestVehiculos" name="test_crear_vehiculo_matricula_uppercase_y_cliente" time="0.212" /><testcase classname="tests.test_iter11_taller.TestVehiculos" name="test_get_vehiculo" time="0.048" /><testcase classname="tests.test_iter11_taller.TestVehiculos" name="test_listar_vehiculos" time="0.045" /><testcase classname="tests.test_iter11_taller.TestVehiculos" name="test_actualizar_vehiculo" time="0.049" /><testcase classname="tests.test_iter11_taller.TestVehiculos" name="test_ficha_vehiculo" time="0.047" /><testcase classname="tests.test_iter11_taller.TestOrdenes" name="test_crear_orden_autonumeracion_y_totales" time="0.045" /><testcase classname="tests.test_iter11_taller.TestOrdenes" name="test_autonumeracion_incremental" time="0.094" /><testcase classname="tests.test_iter11_taller.TestOrdenes" name="test_get_y_listar_ordenes" time="0.095" /><testcase classname="tests.test_iter11_taller.TestOrdenes" name="test_patch_estado_valido" time="0.045" /><testcase classname="tests.test_iter11_taller.TestOrdenes" name="test_patch_estado_invalido" time="0.045" /><testcase classname="tests.test_iter11_taller.TestOrdenes" name="test_actualizar_orden_preserva_numero" time="0.113" /><testcase classname="tests.test_iter11_taller.TestOrdenes" name="test_ficha_incluye_ordenes" time="0.049" /><testcase classname="tests.test_iter11_taller.TestOrdenes" name="test_eliminar_orden" time="0.089" /><testcase classname="tests.test_iter11_taller.TestVehiculoDelete" name="test_eliminar_vehiculo" time="0.316" /></testsuite></testsuites>