<?xml version="1.0" encoding="utf-8"?><testsuites name="pytest tests"><testsuite name="pytest" errors="0" failures="0" skipped="0" tests="7" time="1.570" timestamp="2026-07-08T14:26:02.434968+00:00" hostname="agent-env-ab20570c-75e4-4c28-911d-5a2fbf47c1b3"><testcase classname="tests.test_presupuestos_admin.TestAdminConsumoIA" name="test_requires_auth" time="0.175" /><testcase classname="tests.test_presupuestos_admin.TestPresupuestos" name="test_list_presupuestos_endpoint_exists" time="0.138" /><testcase classname="tests.test_presupuestos_admin.TestPresupuestos" name="test_create_presupuesto_uses_sales_series_counter" time="0.646" /><testcase classname="tests.test_presupuestos_admin.TestAdminConsumoIA" name="test_returns_aggregate_shape" time="0.425" /><testcase classname="tests.test_presupuestos_admin.TestAdminConsumoIA" name="test_licencias_crud_still_works" time="0.362" /><testcase classname="tests.test_presupuestos_admin.TestPurchaseDocs" name="test_create_pedido_compra_uses_purchase_series" time="0.188" /><testcase classname="tests.test_presupuestos_admin.TestFacturasRecibidas" name="test_list_ok" time="0.059" /></testsuite></testsuites>