<?xml version="1.0" encoding="utf-8"?><testsuites name="pytest tests"><testsuite name="pytest" errors="0" failures="0" skipped="0" tests="6" time="1.422" timestamp="2026-07-08T11:41:20.103425+00:00" hostname="agent-env-ab20570c-75e4-4c28-911d-5a2fbf47c1b3"><testcase classname="tests.test_iter4_rectificar" name="test_factura_emitida_unidad_cantidad_forma_pago" time="0.200" /><testcase classname="tests.test_iter4_rectificar" name="test_rectificar_factura_emitida" time="0.255" /><testcase classname="tests.test_iter4_rectificar" name="test_delete_facturas_removidos" time="0.225" /><testcase classname="tests.test_iter4_rectificar" name="test_rectificar_factura_recibida" time="0.136" /><testcase classname="tests.test_iter4_rectificar" name="test_albaran_venta_serie" time="0.141" /><testcase classname="tests.test_iter4_rectificar" name="test_licencia_activa" time="0.115" /></testsuite></testsuites>