<?xml version="1.0" encoding="utf-8"?><testsuites name="pytest tests"><testsuite name="pytest" errors="0" failures="0" skipped="0" tests="7" time="1.207" timestamp="2026-07-08T18:27:09.269969+00:00" hostname="agent-env-ab20570c-75e4-4c28-911d-5a2fbf47c1b3"><testcase classname="tests.test_iter14_taller_fase4.TestImputacionCompras" name="test_01_pedido_compra_con_vehiculo" time="0.325" /><testcase classname="tests.test_iter14_taller_fase4.TestImputacionCompras" name="test_02_pedido_venta_sin_vehiculo" time="0.051" /><testcase classname="tests.test_iter14_taller_fase4.TestImputacionCompras" name="test_03_albaran_compra_con_vehiculo" time="0.056" /><testcase classname="tests.test_iter14_taller_fase4.TestImputacionCompras" name="test_04_factura_recibida_con_vehiculo" time="0.058" /><testcase classname="tests.test_iter14_taller_fase4.TestImputacionCompras" name="test_05_put_pedido_compra_vehiculo" time="0.056" /><testcase classname="tests.test_iter14_taller_fase4.TestImputacionCompras" name="test_06_ficha_vehiculo_agregada" time="0.056" /><testcase classname="tests.test_iter14_taller_fase4.TestImputacionCompras" name="test_99_cleanup" time="0.274" /></testsuite></testsuites>