<?xml version="1.0" encoding="utf-8"?><testsuites name="pytest tests"><testsuite name="pytest" errors="0" failures="0" skipped="0" tests="6" time="2.246" timestamp="2026-07-08T16:42:45.735929+00:00" hostname="agent-env-ab20570c-75e4-4c28-911d-5a2fbf47c1b3"><testcase classname="tests.test_iter10_pdf_storage" name="test_upload_pdf" time="0.449" /><testcase classname="tests.test_iter10_pdf_storage" name="test_get_pdf_returns_application_pdf" time="0.275" /><testcase classname="tests.test_iter10_pdf_storage" name="test_upload_non_pdf_rejected" time="0.128" /><testcase classname="tests.test_iter10_pdf_storage" name="test_proveedor_bank_fields_persist" time="0.539" /><testcase classname="tests.test_iter10_pdf_storage" name="test_factura_recibida_persists_pdf" time="0.243" /><testcase classname="tests.test_iter10_pdf_storage" name="test_albaran_compra_persists_pdf" time="0.283" /></testsuite></testsuites>