<?xml version="1.0" encoding="utf-8"?><testsuites name="pytest tests"><testsuite name="pytest" errors="0" failures="0" skipped="0" tests="4" time="1.115" timestamp="2026-07-08T15:50:33.560900+00:00" hostname="agent-env-ab20570c-75e4-4c28-911d-5a2fbf47c1b3"><testcase classname="tests.test_iter9_dir3_facturae.TestProveedorAutoAlta" name="test_factura_recibida_creates_proveedor" time="0.234" /><testcase classname="tests.test_iter9_dir3_facturae.TestFacturaeXML" name="test_facturae_download" time="0.435" /><testcase classname="tests.test_iter9_dir3_facturae.TestFacturaeXML" name="test_facturae_nonpublic_no_centres" time="0.159" /><testcase classname="tests.test_iter9_dir3_facturae.TestClienteDIR3" name="test_cliente_es_publica_dir3_roundtrip" time="0.189" /></testsuite></testsuites>