<?xml version="1.0" encoding="utf-8"?><testsuites name="pytest tests"><testsuite name="pytest" errors="0" failures="0" skipped="0" tests="8" time="1.293" timestamp="2026-07-08T19:22:37.510603+00:00" hostname="agent-env-ab20570c-75e4-4c28-911d-5a2fbf47c1b3"><testcase classname="tests.test_notificaciones" name="test_health_ok" time="0.241" /><testcase classname="tests.test_notificaciones" name="test_ajustes_notificaciones_structure" time="0.049" /><testcase classname="tests.test_notificaciones" name="test_put_preserves_masked_secrets_and_empresa_series" time="0.135" /><testcase classname="tests.test_notificaciones" name="test_notificacion_test_email_not_configured" time="0.139" /><testcase classname="tests.test_notificaciones" name="test_notificacion_test_whatsapp_not_configured" time="0.047" /><testcase classname="tests.test_notificaciones" name="test_recordatorio_cita_no_config" time="0.110" /><testcase classname="tests.test_notificaciones" name="test_recordatorio_cita_not_found" time="0.089" /><testcase classname="tests.test_notificaciones" name="test_zzz_cleanup_notificaciones" time="0.141" /></testsuite></testsuites>