<?xml version="1.0" encoding="utf-8"?><testsuites name="pytest tests"><testsuite name="pytest" errors="0" failures="0" skipped="0" tests="8" time="4.424" timestamp="2026-07-08T09:54:15.307301+00:00" hostname="agent-env-ab20570c-75e4-4c28-911d-5a2fbf47c1b3"><testcase classname="tests.backend_test.TestContactos" name="test_root" time="0.177" /><testcase classname="tests.backend_test.TestPedidos" name="test_pedidos_flow" time="0.495" /><testcase classname="tests.backend_test.TestContactos" name="test_full_crud" time="0.508" /><testcase classname="tests.backend_test.TestFacturasEmitidas" name="test_factura_emitida_flow" time="0.429" /><testcase classname="tests.backend_test.TestAlbaranes" name="test_albaran_flow" time="0.125" /><testcase classname="tests.backend_test.TestFacturasRecibidas" name="test_factura_recibida_flow" time="0.361" /><testcase classname="tests.backend_test.TestDashboard" name="test_resumen_structure" time="0.321" /><testcase classname="tests.backend_test.TestExtraccion" name="test_endpoint_exists" time="2.929" /></testsuite></testsuites>