<?xml version="1.0" encoding="utf-8"?><testsuites name="pytest tests"><testsuite name="pytest" errors="0" failures="0" skipped="0" tests="4" time="3.248" timestamp="2026-07-08T21:49:16.152006+00:00" hostname="agent-env-ab20570c-75e4-4c28-911d-5a2fbf47c1b3"><testcase classname="tests.test_taller_pdfs" name="test_parte_trabajo_pdf_valid" time="1.680" /><testcase classname="tests.test_taller_pdfs" name="test_parte_trabajo_pdf_invalid" time="0.100" /><testcase classname="tests.test_taller_pdfs" name="test_hoja_entrada_pdf_valid" time="1.002" /><testcase classname="tests.test_taller_pdfs" name="test_hoja_entrada_pdf_invalid" time="0.136" /></testsuite></testsuites>