<?xml version="1.0" encoding="utf-8"?><testsuites name="pytest tests"><testsuite name="pytest" errors="0" failures="0" skipped="0" tests="6" time="1.970" timestamp="2026-07-20T17:26:08.664009+00:00" hostname="agent-env-ab20570c-75e4-4c28-911d-5a2fbf47c1b3"><testcase classname="tests.test_vehiculos_unique" name="test_crear_vehiculo_unico" time="0.357" /><testcase classname="tests.test_vehiculos_unique" name="test_crear_vehiculo_duplicado_devuelve_409" time="0.100" /><testcase classname="tests.test_vehiculos_unique" name="test_editar_vehiculo_cambio_propietario_no_duplica" time="0.148" /><testcase classname="tests.test_vehiculos_unique" name="test_editar_sin_cambiar_matricula_no_da_duplicado" time="0.097" /><testcase classname="tests.test_vehiculos_unique" name="test_editar_a_matricula_de_otro_devuelve_409" time="0.153" /><testcase classname="tests.test_vehiculos_unique" name="test_ficha_devuelve_todas_las_claves" time="0.734" /></testsuite></testsuites>